<?xml version="1.0" encoding="UTF-8"?>
<!-- Generated by org.testng.reporters.JUnitReportReporter -->
<testsuite skipped="1" hostname="INL-7030YC2" name="apiTesting.APITesting" tests="9" failures="0" timestamp="26 Sep 2018 08:04:08 GMT" time="12.211" errors="0">
  <testcase name="test_NumberOfCircuits_ShouldBe_DataDriven" time="0.692" classname="apiTesting.APITesting"/>
  <testcase name="test_NumberOfCircuits_ShouldBe_DataDriven" time="0.677" classname="apiTesting.APITesting"/>
  <testcase name="test_NumberOfCircuitsFor2017Season_ShouldBe20" time="0.846" classname="apiTesting.APITesting"/>
  <testcase name="test_NumberOfCircuits_ShouldBe_DataDriven" time="0.776" classname="apiTesting.APITesting"/>
  <testcase name="test_ScenarioRetrieveFirstCircuitFor2017SeasonAndGetCountry_ShouldBeAustralia" time="1.319" classname="apiTesting.APITesting"/>
  <testcase name="test_NumberOfCircuits_ShouldBe20_UsingResponseSpec" time="0.652" classname="apiTesting.APITesting"/>
  <testcase name="test_ResponseHeaderData_ShouldBeCorrect" time="0.476" classname="apiTesting.APITesting"/>
  <testcase name="test_Md5CheckSumForTest_ShouldBe098f6bcd4621d373cade4e832627b4f6" time="6.773" classname="apiTesting.APITesting"/>
  <testcase name="test_NumberOfCircuits_ShouldBe20_Parameterized" classname="apiTesting.APITesting">
    <skipped/>
  </testcase> <!-- test_NumberOfCircuits_ShouldBe20_Parameterized -->
</testsuite> <!-- apiTesting.APITesting -->
